<?xml version="1.0" encoding="UTF-8"?>
<!-- Generated by org.testng.reporters.JUnitReportReporter -->
<testsuite hostname="DESKTOP-O1MTOUR" failures="0" tests="1" name="tests.TestDeleteTask" time="3.359" errors="0" timestamp="9 Apr 2024 08:14:47 GMT">
  <testcase classname="tests.TestDeleteTask" name="test_DeleteTask" time="3.359"/>
</testsuite> <!-- tests.TestDeleteTask -->
