<?xml version="1.0" encoding="UTF-8"?>
<!-- Generated by org.testng.reporters.JUnitReportReporter -->
<testsuite hostname="DESKTOP-O1MTOUR" failures="0" tests="1" name="tests.testTaskAddedToRightCategory" time="3.355" errors="0" timestamp="9 Apr 2024 08:14:47 GMT">
  <testcase classname="tests.testTaskAddedToRightCategory" name="test_TaskAddedToRightCategory" time="3.355"/>
</testsuite> <!-- tests.testTaskAddedToRightCategory -->
